<?xml version="1.0" encoding="UTF-8"?>
<!-- Generated by org.testng.reporters.JUnitXMLReporter -->
<testsuite hostname="Samrat-PC" ignored="0" name="Test" tests="4" failures="0" timestamp="15 Sep 2018 07:47:46 GMT" time="0.133" errors="0">
  <testcase name="Browser" time="0.029" classname="myproject.SeleniumTest"/>
  <testcase name="UI" time="0.001" classname="myproject.SeleniumTest"/>
  <testcase name="postALM" time="0.001" classname="myproject.APITest"/>
  <testcase name="postJIRA" time="0.0" classname="myproject.APITest"/>
</testsuite> <!-- Test -->
