<?xml version="1.0" encoding="UTF-8"?>
<!-- Generated by org.testng.reporters.JUnitXMLReporter -->
<testsuite hostname="Samrat-PC" ignored="0" name="Command line test" tests="6" failures="0" timestamp="16 Sep 2018 15:07:46 GMT" time="0.156" errors="0">
  <testcase name="postALM" time="0.031" classname="myproject.APITest"/>
  <testcase name="postJIRA" time="0.0" classname="myproject.APITest"/>
  <testcase name="Android" time="0.0" classname="myproject.AppiumTest"/>
  <testcase name="IOS" time="0.0" classname="myproject.AppiumTest"/>
  <testcase name="Browser" time="0.0" classname="myproject.SeleniumTest"/>
  <testcase name="UI" time="0.0" classname="myproject.SeleniumTest"/>
</testsuite> <!-- Command line test -->
